Fri Oct 10 07:57:04 PST 2025: Backup auto-backup-20251010_075638 completed successfully
Fri Oct 10 12:00:01 PST 2025: Backup auto-backup-20251010_120000 completed successfully
Fri Oct 10 18:00:00 PST 2025: Backup auto-backup-20251010_180000 completed successfully
Sat Oct 11 00:00:01 PST 2025: Backup auto-backup-20251011_000000 completed successfully
Sat Oct 11 06:00:00 PST 2025: Backup auto-backup-20251011_060000 completed successfully
Mon Oct 13 18:00:01 PST 2025: Backup auto-backup-20251013_180000 completed successfully
Tue Oct 14 00:00:01 PST 2025: Backup auto-backup-20251014_000001 completed successfully
Tue Oct 14 06:00:00 PST 2025: Backup auto-backup-20251014_060000 completed successfully
Tue Oct 14 12:00:00 PST 2025: Backup auto-backup-20251014_120000 completed successfully
Tue Oct 14 18:00:00 PST 2025: Backup auto-backup-20251014_180000 completed successfully
Wed Oct 15 00:00:01 PST 2025: Backup auto-backup-20251015_000000 completed successfully
Wed Oct 15 12:00:01 PST 2025: Backup auto-backup-20251015_120000 completed successfully
Wed Oct 15 18:00:00 PST 2025: Backup auto-backup-20251015_180000 completed successfully
Fri Oct 17 12:00:01 PST 2025: Backup auto-backup-20251017_120001 completed successfully
Fri Oct 17 18:00:03 PST 2025: Backup auto-backup-20251017_180000 completed successfully
Sat Oct 18 00:00:01 PST 2025: Backup auto-backup-20251018_000000 completed successfully
Sat Oct 18 06:00:00 PST 2025: Backup auto-backup-20251018_060000 completed successfully
Sat Oct 18 12:00:01 PST 2025: Backup auto-backup-20251018_120000 completed successfully
Sat Oct 18 18:00:00 PST 2025: Backup auto-backup-20251018_180000 completed successfully
Sun Oct 19 00:00:00 PST 2025: Backup auto-backup-20251019_000000 completed successfully
Sun Oct 19 06:00:01 PST 2025: Backup auto-backup-20251019_060000 completed successfully
Sun Oct 19 12:00:00 PST 2025: Backup auto-backup-20251019_120000 completed successfully
Mon Oct 20 00:00:01 PST 2025: Backup auto-backup-20251020_000000 completed successfully
Mon Oct 20 18:00:00 PDT 2025: Backup auto-backup-20251020_180000 completed successfully
Tue Oct 21 00:00:01 PDT 2025: Backup auto-backup-20251021_000001 completed successfully
Tue Oct 21 06:00:00 PDT 2025: Backup auto-backup-20251021_060000 completed successfully
Tue Oct 21 12:00:00 PDT 2025: Backup auto-backup-20251021_120000 completed successfully
Wed Oct 22 06:00:02 PDT 2025: Backup auto-backup-20251022_060001 completed successfully
Wed Oct 22 12:00:02 PDT 2025: Backup auto-backup-20251022_120001 completed successfully
Thu Oct 23 06:01:58 PDT 2025: Backup auto-backup-20251023_060157 completed successfully
Fri Oct 24 00:00:01 PDT 2025: Backup auto-backup-20251024_000000 completed successfully
Sat Oct 25 00:00:01 +08 2025: Backup auto-backup-20251025_000001 completed successfully
Sun Oct 26 00:00:01 +08 2025: Backup auto-backup-20251026_000000 completed successfully
